mx.metal.clear_cache is deprecated and will be removed in a future version. Use mx.clear_cache instead.

╔══════ T2I runs ══════════════════════════════════════════════════╗
  loading TextToImagePipeline ...
  loaded in 2.6s

──── t2i 256×256  (n_lat=256) ────────────────────────────
  Euler loop: 26.5s for 30 steps

  t2i 256×256
  step      t  cond_mean   cfg_mean  ratio_min  ratio_med  scale_mean  frac_clip
     0  1.000     7.7471    10.8278     0.5869     0.7173      0.7185      1.000
     1  0.990     7.7308    10.1572     0.6146     0.7630      0.7638      1.000
     2  0.980     7.7459     9.2475     0.6496     0.8474      0.8418      0.996
     3  0.969     7.7825     8.7501     0.7214     0.8921      0.8916      0.973
     4  0.958     7.8134     8.9475     0.6536     0.8851      0.8775      0.961
     5  0.946     7.8494     8.9030     0.6570     0.9013      0.8870      0.945
     6  0.933     7.8743     9.2081     0.5482     0.8987      0.8666      0.941
     7  0.920     7.8810     9.4364     0.5234     0.8840      0.8526      0.949
     8  0.906     7.8947     9.5360     0.5018     0.8761      0.8471      0.953
     9  0.891     7.8937     9.5167     0.4964     0.8729      0.8475      0.957
    10  0.875     7.9026     9.4890     0.5154     0.8808      0.8519      0.938
    11  0.858     7.9270     9.4702     0.4831     0.8975      0.8586      0.941
    12  0.840     7.9525     9.3984     0.4996     0.9029      0.8672      0.965
    13  0.821     7.9747     9.4478     0.4875     0.8981      0.8649      0.980
    14  0.800     8.0025     9.4893     0.4683     0.9189      0.8726      0.965
    15  0.778     8.0228     9.6317     0.4581     0.8824      0.8590      0.941
    16  0.754     8.0406     9.4145     0.4817     0.9069      0.8780      0.953
    17  0.728     8.0658     9.1776     0.4860     0.9215      0.8960      0.945
    18  0.700     8.0812     9.0475     0.5557     0.9337      0.9060      0.949
    19  0.670     8.0851     8.8949     0.6281     0.9400      0.9177      0.938
    20  0.636     8.0832     8.8069     0.6953     0.9431      0.9245      0.926
    21  0.600     8.0613     8.8238     0.5680     0.9389      0.9226      0.918
    22  0.560     8.0190     8.6783     0.5426     0.9529      0.9321      0.898
    23  0.516     7.9625     8.5234     0.6090     0.9595      0.9401      0.879
    24  0.467     7.8781     8.3957     0.5459     0.9626      0.9420      0.852
    25  0.412     7.7731     8.2613     0.7423     0.9617      0.9439      0.871
    26  0.350     7.6213     8.0092     0.7721     0.9678      0.9536      0.855
    27  0.280     7.3638     7.6765     0.7999     0.9718      0.9600      0.836
    28  0.200     6.8756     7.0902     0.8582     0.9763      0.9678      0.812
    29  0.108     5.2807     5.4833     0.8262     0.9712      0.9619      0.773
  → overall scale_mean=0.8871  frac_clipped=0.927

──── t2i 384×384  (n_lat=576) ────────────────────────────
  Euler loop: 21.8s for 30 steps

  t2i 384×384
  step      t  cond_mean   cfg_mean  ratio_min  ratio_med  scale_mean  frac_clip
     0  1.000     7.7546    12.5040     0.4168     0.6313      0.6298      1.000
     1  0.990     7.7729    11.4343     0.4336     0.7123      0.6967      1.000
     2  0.980     7.8720    11.2027     0.3982     0.7645      0.7307      1.000
     3  0.969     7.9522    10.8800     0.4371     0.7673      0.7496      0.998
     4  0.958     7.9882    10.5484     0.5015     0.7762      0.7702      0.998
     5  0.946     8.0258    10.4690     0.5061     0.7864      0.7808      0.998
     6  0.933     8.0300     9.7964     0.4724     0.8481      0.8332      0.983
     7  0.920     8.0498     9.5585     0.4917     0.8885      0.8582      0.965
     8  0.906     8.0463     9.6983     0.4410     0.8851      0.8502      0.946
     9  0.891     8.0666     9.5675     0.4340     0.9100      0.8655      0.875
    10  0.875     8.0650     9.4288     0.4954     0.9098      0.8739      0.844
    11  0.858     8.0758     9.3630     0.4987     0.9278      0.8836      0.806
    12  0.840     8.0863     9.3387     0.4269     0.9369      0.8877      0.795
    13  0.821     8.0918     9.3184     0.4482     0.9376      0.8906      0.807
    14  0.800     8.0960     9.1407     0.4398     0.9415      0.9024      0.823
    15  0.778     8.1010     8.9420     0.4320     0.9426      0.9157      0.859
    16  0.754     8.0977     8.8436     0.5638     0.9426      0.9225      0.866
    17  0.728     8.0896     8.7274     0.5794     0.9478      0.9307      0.865
    18  0.700     8.0774     8.6511     0.6096     0.9486      0.9355      0.870
    19  0.670     8.0553     8.6723     0.7001     0.9483      0.9314      0.877
    20  0.636     8.0267     8.5210     0.7394     0.9529      0.9435      0.870
    21  0.600     7.9840     8.4569     0.6723     0.9550      0.9454      0.884
    22  0.560     7.9393     8.4307     0.6422     0.9557      0.9435      0.885
    23  0.516     7.8890     8.4011     0.6030     0.9522      0.9410      0.887
    24  0.467     7.8177     8.3255     0.6740     0.9559      0.9408      0.896
    25  0.412     7.7258     8.2151     0.6946     0.9542      0.9415      0.877
    26  0.350     7.5912     8.1314     0.6911     0.9483      0.9345      0.866
    27  0.280     7.3718     8.1608     0.6013     0.9167      0.9052      0.941
    28  0.200     6.8847     7.5747     0.6945     0.9197      0.9110      0.958
    29  0.108     5.5085     5.6350     0.8307     0.9816      0.9704      0.701
  → overall scale_mean=0.8739  frac_clipped=0.898

──── t2i 512×512  (n_lat=1024) ────────────────────────────
  Euler loop: 34.3s for 30 steps

  t2i 512×512
  step      t  cond_mean   cfg_mean  ratio_min  ratio_med  scale_mean  frac_clip
     0  1.000     7.6464    12.9984     0.4069     0.5946      0.5958      1.000
     1  0.990     7.6825    12.1817     0.3660     0.6539      0.6428      1.000
     2  0.980     7.7663    11.6004     0.3833     0.6886      0.6822      1.000
     3  0.969     7.8618    11.4850     0.3837     0.6993      0.7030      1.000
     4  0.958     7.9326    10.9892     0.4286     0.7561      0.7541      0.990
     5  0.946     7.9525    10.3641     0.4551     0.7996      0.7910      0.989
     6  0.933     7.9629     9.8820     0.4629     0.8475      0.8280      0.947
     7  0.920     7.9917     9.5767     0.4792     0.8849      0.8553      0.951
     8  0.906     8.0121     9.5209     0.4867     0.9044      0.8641      0.969
     9  0.891     8.0434     9.5463     0.4496     0.9177      0.8707      0.959
    10  0.875     8.0783     9.4993     0.4280     0.9230      0.8787      0.951
    11  0.858     8.0901     9.3090     0.4000     0.9339      0.8929      0.937
    12  0.840     8.0937     9.1749     0.3929     0.9471      0.9056      0.927
    13  0.821     8.0975     8.8729     0.3995     0.9537      0.9248      0.920
    14  0.800     8.1003     8.6289     0.6259     0.9596      0.9430      0.890
    15  0.778     8.0981     8.5180     0.7068     0.9655      0.9524      0.882
    16  0.754     8.0895     8.4340     0.7242     0.9698      0.9595      0.849
    17  0.728     8.0765     8.3692     0.7500     0.9740      0.9648      0.835
    18  0.700     8.0588     8.3187     0.7240     0.9761      0.9680      0.840
    19  0.670     8.0348     8.2940     0.6471     0.9775      0.9683      0.817
    20  0.636     8.0069     8.2233     0.8122     0.9789      0.9724      0.827
    21  0.600     7.9751     8.1931     0.6808     0.9794      0.9728      0.833
    22  0.560     7.9358     8.1268     0.7508     0.9814      0.9758      0.837
    23  0.516     7.8810     8.0598     0.8485     0.9814      0.9767      0.828
    24  0.467     7.8074     7.9766     0.8607     0.9830      0.9774      0.811
    25  0.412     7.7074     7.8647     0.8526     0.9834      0.9784      0.796
    26  0.350     7.5654     7.7178     0.8344     0.9837      0.9786      0.793
    27  0.280     7.3394     7.5246     0.7923     0.9816      0.9739      0.824
    28  0.200     6.8876     7.3067     0.7395     0.9532      0.9425      0.931
    29  0.108     5.6252     5.9167     0.7933     0.9554      0.9509      0.922
  → overall scale_mean=0.8881  frac_clipped=0.902

╔══════ Summary: CFG renorm scale by config ════════════════════════╗
  label                     n_lat  scale_avg  first_half  last_half  frac_clip  ratio_med
  t2i_256x256                 256     0.8871      0.8473     0.9270      0.927     0.9075
  t2i_384x384                 576     0.8739      0.8136     0.9342      0.898     0.8949
  t2i_512x512                1024     0.8881      0.8088     0.9675      0.902     0.9029

  saved: /Users/dustinnielson/DEV_INT/lance-mlx-research/lance-mlx/notes/phase5n_diagnostics/d2_cfg_renorm/summary.json

=== Interpretation ===
  scale_mean ≈ 1.0  → CFG signal preserved, prompt adherence undamped
  scale_mean < 0.7  → CFG signal heavily clamped — prompt adherence suppressed
  frac_clip ≈ 1.0   → essentially every spatial cell is being clamped
  ratio_med (true ratio): if << 1, even median cell would be suppressed
