
╔══════ T2V runs ══════════════════════════════════════════════════╗
  loading TextToVideoPipeline ...
  loaded in 3.2s

──── t2v 256×256×9f  (t_lat=3, n_lat=768) ────
  Euler loop: 25.6s for 30 steps

  t2v 256×256×9f
  step      t  cond_mean   cfg_mean  ratio_min  ratio_med  scale_mean  frac_clip
     0  1.000     8.9443    10.6469     0.5525     0.8483      0.8462      0.962
     1  0.990     9.0138    12.5031     0.3457     0.8052      0.7631      0.941
     2  0.980     9.0662     9.8857     0.4367     0.9726      0.9221      0.772
     3  0.969     9.0406    10.3753     0.4833     0.9257      0.8821      0.805
     4  0.958     9.0882     9.8341     0.5537     0.9676      0.9246      0.686
     5  0.946     9.1113     9.7147     0.5890     0.9698      0.9391      0.807
     6  0.933     9.1169     9.6026     0.5393     0.9766      0.9496      0.790
     7  0.920     9.1203     9.6601     0.5396     0.9715      0.9466      0.784
     8  0.906     9.1200     9.5535     0.6189     0.9772      0.9528      0.766
     9  0.891     9.1237     9.4668     0.6734     0.9788      0.9618      0.747
    10  0.875     9.1220     9.6541     0.3935     0.9773      0.9496      0.754
    11  0.858     9.1152     9.6534     0.5953     0.9733      0.9457      0.806
    12  0.840     9.1113     9.5648     0.5936     0.9777      0.9532      0.806
    13  0.821     9.1031     9.5663     0.6107     0.9783      0.9530      0.809
    14  0.800     9.0941     9.4414     0.6665     0.9846      0.9627      0.788
    15  0.778     9.0855     9.3642     0.6629     0.9888      0.9694      0.755
    16  0.754     9.0732     9.3471     0.6391     0.9902      0.9702      0.745
    17  0.728     9.0575     9.3032     0.6942     0.9913      0.9724      0.710
    18  0.700     9.0376     9.2674     0.6838     0.9922      0.9736      0.701
    19  0.670     9.0125     9.2291     0.6768     0.9932      0.9741      0.672
    20  0.636     8.9812     9.1957     0.6511     0.9946      0.9739      0.641
    21  0.600     8.9297     9.1219     0.7435     0.9940      0.9750      0.629
    22  0.560     8.8739     9.0519     0.6633     0.9961      0.9764      0.607
    23  0.516     8.8109     8.9666     0.7299     0.9960      0.9785      0.582
    24  0.467     8.7319     8.8608     0.8005     0.9954      0.9809      0.608
    25  0.412     8.6338     8.7594     0.8295     0.9946      0.9812      0.625
    26  0.350     8.5161     8.6243     0.8519     0.9936      0.9832      0.660
    27  0.280     8.3506     8.4549     0.8357     0.9930      0.9836      0.677
    28  0.200     8.0841     8.1690     0.8321     0.9934      0.9855      0.673
    29  0.108     7.5792     7.6265     0.8683     0.9954      0.9896      0.635
  → overall scale_mean=0.9507  frac_clipped=0.731

──── t2v 256×256×17f  (t_lat=5, n_lat=1280) ────
  Euler loop: 41.2s for 30 steps

  t2v 256×256×17f
  step      t  cond_mean   cfg_mean  ratio_min  ratio_med  scale_mean  frac_clip
     0  1.000     7.8472    17.0393     0.2539     0.4775      0.4964      0.998
     1  0.990     8.3057    14.6928     0.2534     0.6086      0.5954      0.999
     2  0.980     8.3432    11.3670     0.3648     0.7376      0.7531      0.955
     3  0.969     8.3703    11.5725     0.2812     0.7439      0.7429      0.979
     4  0.958     8.4063    10.8257     0.4181     0.7946      0.7903      0.984
     5  0.946     8.4308    10.0094     0.2896     0.8620      0.8523      0.940
     6  0.933     8.4457     9.4830     0.2963     0.9177      0.8966      0.887
     7  0.920     8.4441     9.3223     0.6241     0.9167      0.9070      0.887
     8  0.906     8.4640     9.0960     0.6385     0.9374      0.9301      0.898
     9  0.891     8.4669     8.9761     0.6555     0.9517      0.9425      0.914
    10  0.875     8.4635     8.9415     0.5573     0.9569      0.9457      0.914
    11  0.858     8.4606     8.8980     0.5259     0.9617      0.9497      0.888
    12  0.840     8.4600     8.8859     0.5653     0.9627      0.9513      0.881
    13  0.821     8.4618     8.8090     0.6601     0.9684      0.9584      0.828
    14  0.800     8.4611     8.8251     0.7414     0.9648      0.9574      0.849
    15  0.778     8.4555     8.7507     0.7969     0.9704      0.9638      0.832
    16  0.754     8.4402     8.7443     0.7967     0.9698      0.9634      0.842
    17  0.728     8.4206     8.7461     0.5159     0.9697      0.9612      0.837
    18  0.700     8.3928     8.7218     0.5502     0.9684      0.9606      0.855
    19  0.670     8.3538     8.6675     0.7278     0.9691      0.9617      0.848
    20  0.636     8.3004     8.6352     0.6936     0.9679      0.9588      0.831
    21  0.600     8.2378     8.5710     0.5743     0.9690      0.9593      0.835
    22  0.560     8.1686     8.4701     0.7568     0.9698      0.9623      0.847
    23  0.516     8.0791     8.3681     0.7340     0.9723      0.9633      0.852
    24  0.467     7.9718     8.2528     0.6693     0.9731      0.9634      0.827
    25  0.412     7.8467     8.0766     0.7622     0.9753      0.9684      0.819
    26  0.350     7.6795     7.8830     0.8543     0.9771      0.9707      0.823
    27  0.280     7.4361     7.6179     0.8380     0.9777      0.9724      0.830
    28  0.200     7.0813     7.2146     0.8381     0.9820      0.9773      0.806
    29  0.108     6.5145     6.5783     0.8245     0.9885      0.9846      0.705
  → overall scale_mean=0.9053  frac_clipped=0.873

──── t2v 384×384×9f  (t_lat=3, n_lat=1728) ────
  Euler loop: 53.2s for 30 steps

  t2v 384×384×9f
  step      t  cond_mean   cfg_mean  ratio_min  ratio_med  scale_mean  frac_clip
     0  1.000     7.7828    13.7545     0.3178     0.5714      0.5787      1.000
     1  0.990     8.0973    13.0372     0.3049     0.6513      0.6497      0.999
     2  0.980     8.1531    12.7132     0.2519     0.6700      0.6641      1.000
     3  0.969     8.2024    12.3081     0.3019     0.6973      0.6896      0.992
     4  0.958     8.2362    11.0238     0.3309     0.7923      0.7691      0.985
     5  0.946     8.2567    10.3072     0.4443     0.8355      0.8166      0.988
     6  0.933     8.2606     9.7555     0.5322     0.8710      0.8560      0.973
     7  0.920     8.2650     9.7340     0.5616     0.8649      0.8578      0.975
     8  0.906     8.2665     9.4638     0.5836     0.8894      0.8799      0.965
     9  0.891     8.2700     9.4318     0.5154     0.8981      0.8835      0.962
    10  0.875     8.2752     9.3596     0.5311     0.9090      0.8911      0.953
    11  0.858     8.2753     9.2490     0.5825     0.9146      0.9001      0.938
    12  0.840     8.2761     9.0854     0.5908     0.9271      0.9146      0.921
    13  0.821     8.2779     8.9361     0.6349     0.9435      0.9285      0.901
    14  0.800     8.2818     8.8514     0.6500     0.9507      0.9369      0.878
    15  0.778     8.2828     8.7704     0.6842     0.9579      0.9449      0.863
    16  0.754     8.2764     8.6875     0.7272     0.9652      0.9525      0.859
    17  0.728     8.2630     8.6286     0.7301     0.9688      0.9571      0.846
    18  0.700     8.2453     8.5748     0.7284     0.9714      0.9610      0.829
    19  0.670     8.2217     8.5194     0.7509     0.9745      0.9642      0.819
    20  0.636     8.1906     8.4625     0.7581     0.9765      0.9667      0.798
    21  0.600     8.1513     8.4093     0.7690     0.9772      0.9680      0.800
    22  0.560     8.1002     8.3277     0.7892     0.9797      0.9709      0.781
    23  0.516     8.0382     8.2376     0.7949     0.9824      0.9738      0.774
    24  0.467     7.9647     8.1471     0.8122     0.9831      0.9756      0.777
    25  0.412     7.8702     8.0442     0.8248     0.9836      0.9763      0.784
    26  0.350     7.7396     7.9090     0.8291     0.9824      0.9762      0.795
    27  0.280     7.5496     7.7085     0.8382     0.9823      0.9769      0.793
    28  0.200     7.2483     7.3866     0.8661     0.9834      0.9786      0.799
    29  0.108     6.7040     6.7885     0.8767     0.9882      0.9843      0.751
  → overall scale_mean=0.8914  frac_clipped=0.883

╔══════ Summary: CFG renorm scale by config ════════════════════════╗
  label                     n_lat  scale_avg  first_half  last_half  frac_clip  ratio_med
  t2v_256x256x9f              768     0.9507      0.9235     0.9778      0.731     0.9729
  t2v_256x256x17f            1280     0.9053      0.8446     0.9661      0.873     0.9121
  t2v_384x384x9f             1728     0.8914      0.8144     0.9685      0.883     0.9014

  saved: /Users/dustinnielson/DEV_INT/lance-mlx-research/lance-mlx/notes/phase5n_diagnostics/d2_cfg_renorm/summary.json

=== Interpretation ===
  scale_mean ≈ 1.0  → CFG signal preserved, prompt adherence undamped
  scale_mean < 0.7  → CFG signal heavily clamped — prompt adherence suppressed
  frac_clip ≈ 1.0   → essentially every spatial cell is being clamped
  ratio_med (true ratio): if << 1, even median cell would be suppressed
